# JRE version: OpenJDK Runtime Environment (11.0.12+7) (build 11.0.12+7-b1504.28-7817840)
# Java VM: OpenJDK 64-Bit Server VM (11.0.12+7-b1504.28-7817840, mixed mode, tiered, compressed oops, g1 gc, windows-amd64)
Heap:
 garbage-first heap   total 189440K, used 84447K [0x0000000080000000, 0x0000000100000000)
  region size 1024K, 40 young (40960K), 10 survivors (10240K)
 Metaspace       used 48429K, capacity 49822K, committed 50120K, reserved 1093632K
  class space    used 6220K, capacity 6691K, committed 6784K, reserved 1048576K
GC Heap History (20 events):
Event: 0.516 GC heap before
{Heap before GC invocations=0 (full 0):
 garbage-first heap   total 131072K, used 20480K [0x0000000080000000, 0x0000000100000000)
  region size 1024K, 14 young (14336K), 0 survivors (0K)
 Metaspace       used 6737K, capacity 6921K, committed 7168K, reserved 1056768K
  class space    used 582K, capacity 650K, committed 768K, reserved 1048576K
}
Event: 0.523 GC heap after
{Heap after GC invocations=1 (full 0):
 garbage-first heap   total 131072K, used 7556K [0x0000000080000000, 0x0000000100000000)
  region size 1024K, 2 young (2048K), 2 survivors (2048K)
 Metaspace       used 6737K, capacity 6921K, committed 7168K, reserved 1056768K
  class space    used 582K, capacity 650K, committed 768K, reserved 1048576K
}
Event: 0.881 GC heap before
{Heap before GC invocations=1 (full 0):
 garbage-first heap   total 131072K, used 18820K [0x0000000080000000, 0x0000000100000000)
  region size 1024K, 13 young (13312K), 2 survivors (2048K)
 Metaspace       used 9877K, capacity 10114K, committed 10368K, reserved 1058816K
  class space    used 1027K, capacity 1102K, committed 1152K, reserved 1048576K
}
Event: 0.884 GC heap after
{Heap after GC invocations=2 (full 0):
 garbage-first heap   total 131072K, used 9440K [0x0000000080000000, 0x0000000100000000)
  region size 1024K, 2 young (2048K), 2 survivors (2048K)
 Metaspace       used 9877K, capacity 10114K, committed 10368K, reserved 1058816K
  class space    used 1027K, capacity 1102K, committed 1152K, reserved 1048576K
}
Event: 1.287 GC heap before
{Heap before GC invocations=2 (full 0):
 garbage-first heap   total 131072K, used 39136K [0x0000000080000000, 0x0000000100000000)
  region size 1024K, 30 young (30720K), 2 survivors (2048K)
 Metaspace       used 10866K, capacity 11069K, committed 11264K, reserved 1058816K
  class space    used 1130K, capacity 1207K, committed 1280K, reserved 1048576K
}
Event: 1.292 GC heap after
{Heap after GC invocations=3 (full 0):
 garbage-first heap   total 131072K, used 11538K [0x0000000080000000, 0x0000000100000000)
  region size 1024K, 3 young (3072K), 3 survivors (3072K)
 Metaspace       used 10866K, capacity 11069K, committed 11264K, reserved 1058816K
  class space    used 1130K, capacity 1207K, committed 1280K, reserved 1048576K
}
Event: 2.736 GC heap before
{Heap before GC invocations=3 (full 0):
 garbage-first heap   total 131072K, used 55570K [0x0000000080000000, 0x0000000100000000)
  region size 1024K, 46 young (47104K), 3 survivors (3072K)
 Metaspace       used 17986K, capacity 18400K, committed 18688K, reserved 1064960K
  class space    used 2116K, capacity 2258K, committed 2304K, reserved 1048576K
}
Event: 2.743 GC heap after
{Heap after GC invocations=4 (full 0):
 garbage-first heap   total 131072K, used 16602K [0x0000000080000000, 0x0000000100000000)
  region size 1024K, 6 young (6144K), 6 survivors (6144K)
 Metaspace       used 17986K, capacity 18400K, committed 18688K, reserved 1064960K
  class space    used 2116K, capacity 2258K, committed 2304K, reserved 1048576K
}
Event: 2.989 GC heap before
{Heap before GC invocations=4 (full 0):
 garbage-first heap   total 131072K, used 43226K [0x0000000080000000, 0x0000000100000000)
  region size 1024K, 33 young (33792K), 6 survivors (6144K)
 Metaspace       used 20665K, capacity 21145K, committed 21296K, reserved 1069056K
  class space    used 2529K, capacity 2662K, committed 2688K, reserved 1048576K
}
Event: 2.997 GC heap after
{Heap after GC invocations=5 (full 0):
 garbage-first heap   total 157696K, used 17391K [0x0000000080000000, 0x0000000100000000)
  region size 1024K, 5 young (5120K), 5 survivors (5120K)
 Metaspace       used 20665K, capacity 21145K, committed 21296K, reserved 1069056K
  class space    used 2529K, capacity 2662K, committed 2688K, reserved 1048576K
}
Event: 3.673 GC heap before
{Heap before GC invocations=6 (full 0):
 garbage-first heap   total 157696K, used 70639K [0x0000000080000000, 0x0000000100000000)
  region size 1024K, 57 young (58368K), 5 survivors (5120K)
 Metaspace       used 26339K, capacity 26982K, committed 27184K, reserved 1073152K
  class space    used 3404K, capacity 3634K, committed 3712K, reserved 1048576K
}
Event: 3.681 GC heap after
{Heap after GC invocations=7 (full 0):
 garbage-first heap   total 157696K, used 19606K [0x0000000080000000, 0x0000000100000000)
  region size 1024K, 3 young (3072K), 3 survivors (3072K)
 Metaspace       used 26339K, capacity 26982K, committed 27184K, reserved 1073152K
  class space    used 3404K, capacity 3634K, committed 3712K, reserved 1048576K
}
Event: 4.587 GC heap before
{Heap before GC invocations=7 (full 0):
 garbage-first heap   total 157696K, used 96406K [0x0000000080000000, 0x0000000100000000)
  region size 1024K, 69 young (70656K), 3 survivors (3072K)
 Metaspace       used 32251K, capacity 33163K, committed 33328K, reserved 1077248K
  class space    used 4348K, capacity 4671K, committed 4736K, reserved 1048576K
}
Event: 4.595 GC heap after
{Heap after GC invocations=8 (full 0):
 garbage-first heap   total 157696K, used 34955K [0x0000000080000000, 0x0000000100000000)
  region size 1024K, 8 young (8192K), 8 survivors (8192K)
 Metaspace       used 32251K, capacity 33163K, committed 33328K, reserved 1077248K
  class space    used 4348K, capacity 4671K, committed 4736K, reserved 1048576K
}
Event: 5.125 GC heap before
{Heap before GC invocations=8 (full 0):
 garbage-first heap   total 157696K, used 47243K [0x0000000080000000, 0x0000000100000000)
  region size 1024K, 21 young (21504K), 8 survivors (8192K)
 Metaspace       used 34680K, capacity 35546K, committed 35632K, reserved 1079296K
  class space    used 4631K, capacity 4954K, committed 4992K, reserved 1048576K
}
Event: 5.135 GC heap after
{Heap after GC invocations=9 (full 0):
 garbage-first heap   total 157696K, used 36462K [0x0000000080000000, 0x0000000100000000)
  region size 1024K, 7 young (7168K), 7 survivors (7168K)
 Metaspace       used 34680K, capacity 35546K, committed 35632K, reserved 1079296K
  class space    used 4631K, capacity 4954K, committed 4992K, reserved 1048576K
}
Event: 6.343 GC heap before
{Heap before GC invocations=10 (full 0):
 garbage-first heap   total 157696K, used 95854K [0x0000000080000000, 0x0000000100000000)
  region size 1024K, 63 young (64512K), 7 survivors (7168K)
 Metaspace       used 41956K, capacity 43019K, committed 43208K, reserved 1087488K
  class space    used 5354K, capacity 5733K, committed 5760K, reserved 1048576K
}
Event: 6.360 GC heap after
{Heap after GC invocations=11 (full 0):
 garbage-first heap   total 189440K, used 41938K [0x0000000080000000, 0x0000000100000000)
  region size 1024K, 7 young (7168K), 7 survivors (7168K)
 Metaspace       used 41956K, capacity 43019K, committed 43208K, reserved 1087488K
  class space    used 5354K, capacity 5733K, committed 5760K, reserved 1048576K
}
Event: 7.148 GC heap before
{Heap before GC invocations=11 (full 0):
 garbage-first heap   total 189440K, used 118738K [0x0000000080000000, 0x0000000100000000)
  region size 1024K, 77 young (78848K), 7 survivors (7168K)
 Metaspace       used 46490K, capacity 47654K, committed 47944K, reserved 1091584K
  class space    used 5901K, capacity 6330K, committed 6400K, reserved 1048576K
}
Event: 7.165 GC heap after
{Heap after GC invocations=12 (full 0):
 garbage-first heap   total 189440K, used 50655K [0x0000000080000000, 0x0000000100000000)
  region size 1024K, 10 young (10240K), 10 survivors (10240K)
 Metaspace       used 46490K, capacity 47654K, committed 47944K, reserved 1091584K
  class space    used 5901K, capacity 6330K, committed 6400K, reserved 1048576K
}

